20221120	05:16:23	e9bda363-0d05-448c-a224-bd23b52f5927	POST	/api/news	undefined
20221120	05:16:45	8b501093-d574-43fa-9926-42178b9aa539	POST	/api/news	undefined
20221120	05:17:18	b609a48c-9f9d-4821-b88f-8ffefcc5cde1	POST	/api/news	undefined
20221120	05:18:17	25c3c790-d24a-47b6-8036-7a75239943f1	POST	/api/news	undefined
20221120	05:19:09	f0faa17e-06cd-4d60-96a7-5e8fee1a0af0	POST	/api/news	undefined
20221120	05:19:21	2663c93e-6c03-4374-bfbc-df59f165605b	POST	/api/news	undefined
20221120	05:19:55	25cdbe7a-aa7a-4156-9be6-fd09d156d675	POST	/api/news	undefined
20221120	05:19:56	3491e5bd-17d4-48a7-9dcf-e2b513d265ff	POST	/api/news	undefined
20221120	05:19:57	7f697d29-555b-4f77-810f-429de8977965	POST	/api/news	undefined
20221120	05:19:57	6debe09c-ccdb-41d9-9e72-4c2fcb876e5f	POST	/api/news	undefined
20221120	05:19:57	23bb695f-156b-4039-b94d-a0a98b42e8a5	POST	/api/news	undefined
20221120	05:19:58	a8649bb5-a5b4-4674-a12f-32093858512b	POST	/api/news	undefined
20221120	05:19:58	5a148d57-fa7d-4df6-84b2-4542629b5101	POST	/api/news	undefined
20221120	05:19:58	03cd8ae4-d16d-42d4-9b91-aa8fbf977c33	POST	/api/news	undefined
20221120	05:19:58	6ad8c3f3-9afc-411e-b5e1-6ac3f6ebd67b	POST	/api/news	undefined
20221120	05:19:58	854c13cb-b614-469b-986d-594de53c26fc	POST	/api/news	undefined
20221120	05:19:59	cf12b102-b20e-47c6-bc7d-2065965a5227	POST	/api/news	undefined
20221120	05:19:59	17b0a97a-232d-4c30-8fb3-53d68431ca71	POST	/api/news	undefined
20221120	05:21:03	d8ec6fbe-10cc-4f5a-a1e6-9ac6bfe78a02	POST	/api/news	undefined
20221120	05:21:13	1ceb5b5f-da9e-4ddb-93a8-82d15da8453a	POST	/api/news	undefined
20221120	05:21:55	894f9d29-2d2e-48de-ba73-9517b1cd50f7	POST	/api/news	undefined
20221120	05:22:22	8d3c3d16-5761-41de-8b0c-6d84ddade5e9	POST	/api/news	undefined
20221120	05:22:38	8c955d63-583d-4c15-9662-3062ef8436fe	POST	/api/news	undefined
20221120	05:22:43	fac68076-e9f4-4431-8151-18b3c229f1bb	POST	/api/news	undefined
20221120	05:22:45	518b25b1-2ad1-4fc7-ab71-79d3d2b903a3	POST	/api/news	undefined
20221120	05:22:45	958b46a6-b736-44b5-94ba-363a7d2d8cec	POST	/api/news	undefined
20221120	05:22:46	4053e7f3-5533-46df-98f7-131dafe480da	POST	/api/news	undefined
20221120	05:22:46	1edbc3d1-4dac-40a3-baed-06ac47b9c78a	POST	/api/news	undefined
20221120	05:22:46	160e07af-5802-48fc-8434-10c995042849	POST	/api/news	undefined
20221120	05:22:46	51e7df74-ae30-41db-95f1-fa9a9265f11d	POST	/api/news	undefined
20221120	05:22:47	d486b9d8-edbb-4780-8950-f1e72726f0d5	POST	/api/news	undefined
20221120	05:23:28	543a142c-2322-40f5-9102-dd373c04ec12	POST	/api/news	undefined
20221120	05:24:03	697471d8-d64b-4d68-8d5a-a9dcf2a4a231	POST	/api/news	undefined
20221120	05:26:33	6205ed84-a49a-40d6-9828-55973a26516d	POST	/api/news	undefined
20221120	05:28:44	8e39eebd-714b-4995-8dbf-21a6d04a75d8	POST	/api/news	undefined
20221120	05:28:45	12aa348b-ddbc-45fe-bc6d-fe9cc535750f	POST	/api/news	undefined
20221120	05:28:46	137a6647-e7af-4b92-b71c-c6f1ef181bbf	POST	/api/news	undefined
20221120	05:28:46	effa4228-c9aa-4595-958f-89ed6d88f3f1	POST	/api/news	undefined
20221120	13:41:13	07643d3c-9436-454d-89f7-b9a91d283e6d	POST	/api/category	undefined
20221120	13:41:16	3aec81c1-2b84-41aa-8c34-badc1af817ff	POST	/api/category	undefined
20221120	13:41:40	b95c4f52-446f-4061-b02f-774976c41f14	POST	/api/category	undefined
20221120	13:46:18	1b12f997-1b22-4e14-8a43-d8c5bd86d853	POST	/api/category	undefined
20221120	13:46:40	f747f4be-afe3-4060-a9f3-d2f2185ef260	POST	/api/category	undefined
20221120	13:50:43	0c1c0850-2004-42b4-b9c2-b2d76dbfb033	POST	/api/category	undefined
20221120	13:50:50	9a8f0ef4-1b8b-43ac-8ce4-4df763054a20	POST	/api/category	undefined
20221120	13:51:42	0d49b645-b918-4f1d-b61e-163825bc39b9	POST	/api/category	undefined
20221120	17:13:18	d3859e33-789d-444a-9f26-a48cc1784371	GET	/api/product/getAllProducts	undefined
20221120	17:13:38	635bf39d-b42a-4774-a5e0-5ffe6627e915	GET	/api/product/getAllProducts	undefined
20221120	17:14:25	9a7ed2cd-f570-42f5-b1fe-1768fcbb344b	GET	/api/product/getProducts?page=1&limit=3	undefined
20221120	17:28:33	cab7e45f-8230-4765-9f48-8ed2611a9739	GET	/api/product/getProducts?page=1&limit=3	undefined
20221120	17:43:58	3430ece5-ce12-435a-81a9-f68ad9f18b8b	GET	/api/product/getProducts?page=1&limit=3	undefined
20221120	17:44:36	540936d6-f4fa-479f-b563-f905a7ead98e	GET	/api/product/getProducts?page=1&limit=3	undefined
20221120	17:44:50	4bdd15b8-f674-47f4-8bce-7a52f417582a	GET	/api/product/getProducts?page=1&limit=3&?search=a	undefined
20221120	17:44:58	9cf17333-e458-45f1-8418-a6eaab65b03f	GET	/api/product/getProducts?page=1&limit=3&?search=%22N%C6%B0%E1%BB%9Bc%22	undefined
20221120	17:45:49	2394cd6a-d690-482a-8dc0-9f318b16d5c2	GET	/api/product/getProducts?page=1&limit=3&?search=%22N%C6%B0%E1%BB%9Bc%22	undefined
20221120	17:47:11	740e2a8a-3c17-4d17-a7b3-f0fffc0d2ccf	GET	/api/product/getProducts?page=1&limit=3&?search=%22N%C6%B0%E1%BB%9Bc%22	undefined
20221120	17:47:50	5a056147-75fe-449f-825d-099452f82bed	GET	/api/product/getProducts?page=1&limit=3&?search=%22N%C6%B0%E1%BB%9Bc%22	undefined
20221120	17:48:21	d5c1fd0c-2869-4ada-b267-c0973922cd9b	GET	/api/product/getProducts?page=1&limit=3	undefined
20221120	17:48:33	65c2fd37-5f40-47ba-855b-009873f56f3b	GET	/api/product/getProducts?page=1&limit=12	undefined
20221120	17:48:56	ad43b207-8b79-4d85-aef7-2814adf91f22	GET	/api/product/getProducts?page=1&limit=12&?search=	undefined
20221120	17:49:01	ad121533-f385-4e01-a034-37f46df1a9a3	GET	/api/product/getProducts?page=1&limit=12&?search=%22abfbabfb%22	undefined
20221120	17:49:12	35dc2fc3-8b34-45be-9fcd-83ee2aabef55	GET	/api/product/getProducts?page=1&limit=12&?search=%22N%C6%B0%E1%BB%9Bc%22	undefined
20221120	17:49:51	7acfa76d-62ab-48c5-b8a7-6a59b97060c8	GET	/api/product/getProducts?page=1&limit=12&search=%22N%C6%B0%E1%BB%9Bc%22	undefined
20221120	17:49:57	0f9b48e5-417e-4860-ac0d-5c3ec7cd381c	GET	/api/product/getProducts?page=1&limit=12&search=n%C6%B0%E1%BB%9Bc	undefined
20221120	17:50:03	18741e05-bf04-4d19-9326-eb49a2f69727	GET	/api/product/getProducts?page=1&limit=12&search=N%C6%B0%E1%BB%9Bc	undefined
20221120	17:50:41	f197904b-4ea0-4fd9-9c70-d29fd490856e	GET	/api/product/getProducts?page=1&limit=12&search=	undefined
20221120	17:51:25	fe03829e-bb92-4a03-ac11-859941dd5c5b	GET	/api/product/getProducts?page=1&limit=12&search=	undefined
20221120	17:53:53	157b8e79-b6a6-49d9-b6cf-0da5147566bc	GET	/api/product/getProducts?page=1&limit=12&search=	undefined
20221120	17:53:57	9aed085b-4743-40dc-8637-9d65fcefc81e	GET	/api/product/getProducts?page=1&limit=12&search=a	undefined
20221120	17:54:04	4ff87d4c-5472-47d3-aaca-289590624c11	GET	/api/product/getProducts?page=1&limit=12&search=%22a%22	undefined
20221120	17:54:31	dcce5405-2124-4c43-ae42-60e721ee1557	GET	/api/product/getProducts?page=1&limit=12&search=%22a%22	undefined
20221120	17:54:33	0e6b95bd-0fdc-4017-8323-4994e24f1685	GET	/api/product/getProducts?page=1&limit=12&search=%22a%22	undefined
20221120	17:54:40	3808235a-a7fb-4dd2-bda2-a3d8d65dc883	GET	/api/product/getProducts?page=1&limit=12&search=%22a%22	undefined
20221120	18:05:08	563b15c0-ccba-4100-999f-8214106fcc2f	GET	/api/product/getProducts?page=1&limit=12&search=a	undefined
20221120	18:05:54	93960025-97a1-4980-8e03-8bc0d63ab194	GET	/api/product/getProducts?page=1&limit=12&search=a	undefined
20221120	18:06:13	f595f68d-f8f3-4283-885b-eabb555ea55d	GET	/api/product/getProducts?page=1&limit=12&search=a	undefined
20221120	18:06:20	2989f691-03ca-449c-bdb9-692e160a64a6	GET	/api/product/getProducts?page=1&limit=12	undefined
20221120	18:06:32	278ecdc7-b104-4d89-8c78-440184ee7a2f	GET	/api/product/getProducts?page=1&limit=12&search=a	undefined
20221120	18:06:43	8a1ee746-d9e3-40c7-8f7f-600b8dc2a7fd	GET	/api/product/getProducts?page=1&limit=12&search=a	undefined
20221120	18:07:05	672b0aa8-6d43-4c09-992f-91aedec1ba43	GET	/api/product/getProducts?page=1&limit=12&search=a	undefined
20221120	18:07:16	37deaf68-195e-46fc-bb8a-887e297c45aa	GET	/api/product/getProducts?page=1&limit=12&search=a	undefined
